16:46:01.720 [main] INFO  o.s.b.f.xml.XmlBeanDefinitionReader - Loading XML bean definitions from class path resource [spring-basic.xml]
16:46:02.020 [main] INFO  o.s.b.f.xml.XmlBeanDefinitionReader - Loading XML bean definitions from class path resource [spring-aspect.xml]
16:46:02.057 [main] INFO  o.s.b.f.xml.XmlBeanDefinitionReader - Loading XML bean definitions from class path resource [spring-env.xml]
16:46:02.103 [main] INFO  o.s.b.f.xml.XmlBeanDefinitionReader - Loading XML bean definitions from class path resource [spring-resource-db.xml]
16:46:02.203 [main] INFO  o.s.b.f.xml.XmlBeanDefinitionReader - Loading XML bean definitions from class path resource [spring-hibernate.xml]
16:46:02.227 [main] INFO  o.s.b.f.xml.XmlBeanDefinitionReader - Loading XML bean definitions from class path resource [spring-mybatis.xml]
16:46:02.244 [main] INFO  o.s.b.f.s.DefaultListableBeanFactory - Overriding bean definition for bean 'proxyDataSource': replacing [Generic bean: class [org.jdbcdslog.ConnectionPoolDataSourceProxy]; scope=; abstract=false; lazyInit=false; autowireMode=0; dependencyCheck=0; autowireCandidate=true; primary=false; factoryBeanName=null; factoryMethodName=null; initMethodName=null; destroyMethodName=null; defined in class path resource [spring-resource-db.xml]] with [Generic bean: class [org.jdbcdslog.ConnectionPoolDataSourceProxy]; scope=; abstract=false; lazyInit=false; autowireMode=0; dependencyCheck=0; autowireCandidate=true; primary=false; factoryBeanName=null; factoryMethodName=null; initMethodName=null; destroyMethodName=null; defined in class path resource [spring-mybatis.xml]]
16:46:02.245 [main] INFO  o.s.b.f.xml.XmlBeanDefinitionReader - Loading XML bean definitions from class path resource [spring-cache.xml]
16:46:02.267 [main] INFO  o.s.c.s.GenericApplicationContext - Refreshing org.springframework.context.support.GenericApplicationContext@3d600a0c: startup date [Wed Nov 26 16:46:02 CST 2014]; root of context hierarchy
16:46:02.531 [main] INFO  o.s.c.s.PropertySourcesPlaceholderConfigurer - Loading properties file from class path resource [env/configurations-dev.properties]
16:46:02.586 [main] INFO  o.s.b.f.s.DefaultListableBeanFactory - Pre-instantiating singletons in org.springframework.beans.factory.support.DefaultListableBeanFactory@7248f9e0: defining beans [logInterceptor,peopleDaoImpl,personDaoImpl,peopleServiceImpl,personServiceImpl,userInfoCache,userInfoServiceImpl,digitSignature,commonTemplate,sftpManager,socketManager,commonVelocity,logDaoImpl,userDaoImpl,userServiceImpl,org.springframework.context.annotation.internalConfigurationAnnotationProcessor,org.springframework.context.annotation.internalAutowiredAnnotationProcessor,org.springframework.context.annotation.internalRequiredAnnotationProcessor,org.springframework.context.annotation.internalCommonAnnotationProcessor,org.springframework.context.annotation.internalPersistenceAnnotationProcessor,com.somnus.ApplicationContextHolder#0,org.springframework.aop.config.internalAutoProxyCreator,org.springframework.context.support.PropertySourcesPlaceholderConfigurer#0,dataSource,proxyDataSource,org.springframework.transaction.annotation.AnnotationTransactionAttributeSource#0,org.springframework.transaction.interceptor.TransactionInterceptor#0,org.springframework.transaction.config.internalTransactionAdvisor,sessionFactory,transactionManager,sqlSessionFactory,org.mybatis.spring.mapper.MapperScannerConfigurer#0,org.springframework.cache.annotation.AnnotationCacheOperationSource#0,org.springframework.cache.interceptor.CacheInterceptor#0,org.springframework.cache.config.internalCacheAdvisor,ehCacheManager,cacheManager,org.springframework.context.annotation.ConfigurationClassPostProcessor.importAwareProcessor,userInfoDao]; root of factory hierarchy
16:46:03.172 [main] DEBUG o.m.spring.SqlSessionFactoryBean - Parsed configuration file: 'class path resource [mybatis/mybatis-config.xml]'
16:46:03.224 [main] DEBUG o.m.spring.SqlSessionFactoryBean - Parsed mapper file: 'file [E:\github\Spring\target\classes\mappers\user.mapper.xml]'
16:46:03.372 [main] INFO  o.s.c.e.EhCacheManagerFactoryBean - Initializing EhCache CacheManager
16:46:03.564 [main] INFO  o.s.b.f.s.DefaultListableBeanFactory - Destroying singletons in org.springframework.beans.factory.support.DefaultListableBeanFactory@7248f9e0: defining beans [logInterceptor,peopleDaoImpl,personDaoImpl,peopleServiceImpl,personServiceImpl,userInfoCache,userInfoServiceImpl,digitSignature,commonTemplate,sftpManager,socketManager,commonVelocity,logDaoImpl,userDaoImpl,userServiceImpl,org.springframework.context.annotation.internalConfigurationAnnotationProcessor,org.springframework.context.annotation.internalAutowiredAnnotationProcessor,org.springframework.context.annotation.internalRequiredAnnotationProcessor,org.springframework.context.annotation.internalCommonAnnotationProcessor,org.springframework.context.annotation.internalPersistenceAnnotationProcessor,com.somnus.ApplicationContextHolder#0,org.springframework.aop.config.internalAutoProxyCreator,org.springframework.context.support.PropertySourcesPlaceholderConfigurer#0,dataSource,proxyDataSource,org.springframework.transaction.annotation.AnnotationTransactionAttributeSource#0,org.springframework.transaction.interceptor.TransactionInterceptor#0,org.springframework.transaction.config.internalTransactionAdvisor,sessionFactory,transactionManager,sqlSessionFactory,org.mybatis.spring.mapper.MapperScannerConfigurer#0,org.springframework.cache.annotation.AnnotationCacheOperationSource#0,org.springframework.cache.interceptor.CacheInterceptor#0,org.springframework.cache.config.internalCacheAdvisor,ehCacheManager,cacheManager,org.springframework.context.annotation.ConfigurationClassPostProcessor.importAwareProcessor,userInfoDao]; root of factory hierarchy
16:46:03.575 [main] ERROR o.s.test.context.TestContextManager - Caught exception while allowing TestExecutionListener [org.springframework.test.context.support.DependencyInjectionTestExecutionListener@119911eb] to prepare test instance [com.somnus.excel.ExcelTest@58676453]
java.lang.IllegalStateException: Failed to load ApplicationContext
	at org.springframework.test.context.CacheAwareContextLoaderDelegate.loadContext(CacheAwareContextLoaderDelegate.java:99) ~[spring-test-3.2.5.RELEASE.jar:3.2.5.RELEASE]
	at org.springframework.test.context.TestContext.getApplicationContext(TestContext.java:122) ~[spring-test-3.2.5.RELEASE.jar:3.2.5.RELEASE]
	at org.springframework.test.context.support.DependencyInjectionTestExecutionListener.injectDependencies(DependencyInjectionTestExecutionListener.java:109) ~[spring-test-3.2.5.RELEASE.jar:3.2.5.RELEASE]
	at org.springframework.test.context.support.DependencyInjectionTestExecutionListener.prepareTestInstance(DependencyInjectionTestExecutionListener.java:75) ~[spring-test-3.2.5.RELEASE.jar:3.2.5.RELEASE]
	at org.springframework.test.context.TestContextManager.prepareTestInstance(TestContextManager.java:312) ~[spring-test-3.2.5.RELEASE.jar:3.2.5.RELEASE]
	at org.springframework.test.context.junit4.SpringJUnit4ClassRunner.createTest(SpringJUnit4ClassRunner.java:211) [spring-test-3.2.5.RELEASE.jar:3.2.5.RELEASE]
	at org.springframework.test.context.junit4.SpringJUnit4ClassRunner$1.runReflectiveCall(SpringJUnit4ClassRunner.java:288) [spring-test-3.2.5.RELEASE.jar:3.2.5.RELEASE]
	at org.junit.internal.runners.model.ReflectiveCallable.run(ReflectiveCallable.java:12) [junit-4.11.jar:na]
	at org.springframework.test.context.junit4.SpringJUnit4ClassRunner.methodBlock(SpringJUnit4ClassRunner.java:284) [spring-test-3.2.5.RELEASE.jar:3.2.5.RELEASE]
	at org.springframework.test.context.junit4.SpringJUnit4ClassRunner.runChild(SpringJUnit4ClassRunner.java:231) [spring-test-3.2.5.RELEASE.jar:3.2.5.RELEASE]
	at org.springframework.test.context.junit4.SpringJUnit4ClassRunner.runChild(SpringJUnit4ClassRunner.java:88) [spring-test-3.2.5.RELEASE.jar:3.2.5.RELEASE]
	at org.junit.runners.ParentRunner$3.run(ParentRunner.java:238) [junit-4.11.jar:na]
	at org.junit.runners.ParentRunner$1.schedule(ParentRunner.java:63) [junit-4.11.jar:na]
	at org.junit.runners.ParentRunner.runChildren(ParentRunner.java:236) [junit-4.11.jar:na]
	at org.junit.runners.ParentRunner.access$000(ParentRunner.java:53) [junit-4.11.jar:na]
	at org.junit.runners.ParentRunner$2.evaluate(ParentRunner.java:229) [junit-4.11.jar:na]
	at org.springframework.test.context.junit4.statements.RunBeforeTestClassCallbacks.evaluate(RunBeforeTestClassCallbacks.java:61) [spring-test-3.2.5.RELEASE.jar:3.2.5.RELEASE]
	at org.springframework.test.context.junit4.statements.RunAfterTestClassCallbacks.evaluate(RunAfterTestClassCallbacks.java:71) [spring-test-3.2.5.RELEASE.jar:3.2.5.RELEASE]
	at org.junit.runners.ParentRunner.run(ParentRunner.java:309) [junit-4.11.jar:na]
	at org.springframework.test.context.junit4.SpringJUnit4ClassRunner.run(SpringJUnit4ClassRunner.java:174) [spring-test-3.2.5.RELEASE.jar:3.2.5.RELEASE]
	at org.eclipse.jdt.internal.junit4.runner.JUnit4TestReference.run(JUnit4TestReference.java:50) [.cp/:na]
	at org.eclipse.jdt.internal.junit.runner.TestExecution.run(TestExecution.java:38) [.cp/:na]
	at org.eclipse.jdt.internal.junit.runner.RemoteTestRunner.runTests(RemoteTestRunner.java:459) [.cp/:na]
	at org.eclipse.jdt.internal.junit.runner.RemoteTestRunner.runTests(RemoteTestRunner.java:675) [.cp/:na]
	at org.eclipse.jdt.internal.junit.runner.RemoteTestRunner.run(RemoteTestRunner.java:382) [.cp/:na]
	at org.eclipse.jdt.internal.junit.runner.RemoteTestRunner.main(RemoteTestRunner.java:192) [.cp/:na]
Caused by: org.springframework.beans.factory.BeanCreationException: Error creating bean with name 'commonVelocity': Injection of autowired dependencies failed; nested exception is org.springframework.beans.factory.BeanCreationException: Could not autowire field: private org.apache.velocity.app.VelocityEngine com.somnus.support.util.velocity.CommonVelocity.velocityEngine; nested exception is org.springframework.beans.factory.NoSuchBeanDefinitionException: No qualifying bean of type [org.apache.velocity.app.VelocityEngine] found for dependency: expected at least 1 bean which qualifies as autowire candidate for this dependency. Dependency annotations: {@org.springframework.beans.factory.annotation.Autowired(required=true)}
	at org.springframework.beans.factory.annotation.AutowiredAnnotationBeanPostProcessor.postProcessPropertyValues(AutowiredAnnotationBeanPostProcessor.java:289) ~[spring-beans-3.2.5.RELEASE.jar:3.2.5.RELEASE]
	at org.springframework.beans.factory.support.AbstractAutowireCapableBeanFactory.populateBean(AbstractAutowireCapableBeanFactory.java:1146) ~[spring-beans-3.2.5.RELEASE.jar:3.2.5.RELEASE]
	at org.springframework.beans.factory.support.AbstractAutowireCapableBeanFactory.doCreateBean(AbstractAutowireCapableBeanFactory.java:519) ~[spring-beans-3.2.5.RELEASE.jar:3.2.5.RELEASE]
	at org.springframework.beans.factory.support.AbstractAutowireCapableBeanFactory.createBean(AbstractAutowireCapableBeanFactory.java:458) ~[spring-beans-3.2.5.RELEASE.jar:3.2.5.RELEASE]
	at org.springframework.beans.factory.support.AbstractBeanFactory$1.getObject(AbstractBeanFactory.java:296) ~[spring-beans-3.2.5.RELEASE.jar:3.2.5.RELEASE]
	at org.springframework.beans.factory.support.DefaultSingletonBeanRegistry.getSingleton(DefaultSingletonBeanRegistry.java:223) ~[spring-beans-3.2.5.RELEASE.jar:3.2.5.RELEASE]
	at org.springframework.beans.factory.support.AbstractBeanFactory.doGetBean(AbstractBeanFactory.java:293) ~[spring-beans-3.2.5.RELEASE.jar:3.2.5.RELEASE]
	at org.springframework.beans.factory.support.AbstractBeanFactory.getBean(AbstractBeanFactory.java:194) ~[spring-beans-3.2.5.RELEASE.jar:3.2.5.RELEASE]
	at org.springframework.beans.factory.support.DefaultListableBeanFactory.preInstantiateSingletons(DefaultListableBeanFactory.java:628) ~[spring-beans-3.2.5.RELEASE.jar:3.2.5.RELEASE]
	at org.springframework.context.support.AbstractApplicationContext.finishBeanFactoryInitialization(AbstractApplicationContext.java:932) ~[spring-context-3.2.5.RELEASE.jar:3.2.5.RELEASE]
	at org.springframework.context.support.AbstractApplicationContext.refresh(AbstractApplicationContext.java:479) ~[spring-context-3.2.5.RELEASE.jar:3.2.5.RELEASE]
	at org.springframework.test.context.support.AbstractGenericContextLoader.loadContext(AbstractGenericContextLoader.java:120) ~[spring-test-3.2.5.RELEASE.jar:3.2.5.RELEASE]
	at org.springframework.test.context.support.AbstractGenericContextLoader.loadContext(AbstractGenericContextLoader.java:60) ~[spring-test-3.2.5.RELEASE.jar:3.2.5.RELEASE]
	at org.springframework.test.context.support.AbstractDelegatingSmartContextLoader.delegateLoading(AbstractDelegatingSmartContextLoader.java:100) ~[spring-test-3.2.5.RELEASE.jar:3.2.5.RELEASE]
	at org.springframework.test.context.support.AbstractDelegatingSmartContextLoader.loadContext(AbstractDelegatingSmartContextLoader.java:248) ~[spring-test-3.2.5.RELEASE.jar:3.2.5.RELEASE]
	at org.springframework.test.context.CacheAwareContextLoaderDelegate.loadContextInternal(CacheAwareContextLoaderDelegate.java:64) ~[spring-test-3.2.5.RELEASE.jar:3.2.5.RELEASE]
	at org.springframework.test.context.CacheAwareContextLoaderDelegate.loadContext(CacheAwareContextLoaderDelegate.java:91) ~[spring-test-3.2.5.RELEASE.jar:3.2.5.RELEASE]
	... 25 common frames omitted
Caused by: org.springframework.beans.factory.BeanCreationException: Could not autowire field: private org.apache.velocity.app.VelocityEngine com.somnus.support.util.velocity.CommonVelocity.velocityEngine; nested exception is org.springframework.beans.factory.NoSuchBeanDefinitionException: No qualifying bean of type [org.apache.velocity.app.VelocityEngine] found for dependency: expected at least 1 bean which qualifies as autowire candidate for this dependency. Dependency annotations: {@org.springframework.beans.factory.annotation.Autowired(required=true)}
	at org.springframework.beans.factory.annotation.AutowiredAnnotationBeanPostProcessor$AutowiredFieldElement.inject(AutowiredAnnotationBeanPostProcessor.java:517) ~[spring-beans-3.2.5.RELEASE.jar:3.2.5.RELEASE]
	at org.springframework.beans.factory.annotation.InjectionMetadata.inject(InjectionMetadata.java:87) ~[spring-beans-3.2.5.RELEASE.jar:3.2.5.RELEASE]
	at org.springframework.beans.factory.annotation.AutowiredAnnotationBeanPostProcessor.postProcessPropertyValues(AutowiredAnnotationBeanPostProcessor.java:286) ~[spring-beans-3.2.5.RELEASE.jar:3.2.5.RELEASE]
	... 41 common frames omitted
Caused by: org.springframework.beans.factory.NoSuchBeanDefinitionException: No qualifying bean of type [org.apache.velocity.app.VelocityEngine] found for dependency: expected at least 1 bean which qualifies as autowire candidate for this dependency. Dependency annotations: {@org.springframework.beans.factory.annotation.Autowired(required=true)}
	at org.springframework.beans.factory.support.DefaultListableBeanFactory.raiseNoSuchBeanDefinitionException(DefaultListableBeanFactory.java:988) ~[spring-beans-3.2.5.RELEASE.jar:3.2.5.RELEASE]
	at org.springframework.beans.factory.support.DefaultListableBeanFactory.doResolveDependency(DefaultListableBeanFactory.java:858) ~[spring-beans-3.2.5.RELEASE.jar:3.2.5.RELEASE]
	at org.springframework.beans.factory.support.DefaultListableBeanFactory.resolveDependency(DefaultListableBeanFactory.java:770) ~[spring-beans-3.2.5.RELEASE.jar:3.2.5.RELEASE]
	at org.springframework.beans.factory.annotation.AutowiredAnnotationBeanPostProcessor$AutowiredFieldElement.inject(AutowiredAnnotationBeanPostProcessor.java:489) ~[spring-beans-3.2.5.RELEASE.jar:3.2.5.RELEASE]
	... 43 common frames omitted
16:48:48.952 [main] INFO  o.s.b.f.xml.XmlBeanDefinitionReader - Loading XML bean definitions from class path resource [spring-basic.xml]
16:48:49.216 [main] INFO  o.s.b.f.xml.XmlBeanDefinitionReader - Loading XML bean definitions from class path resource [spring-aspect.xml]
16:48:49.279 [main] INFO  o.s.b.f.xml.XmlBeanDefinitionReader - Loading XML bean definitions from class path resource [spring-env.xml]
16:48:49.312 [main] INFO  o.s.b.f.xml.XmlBeanDefinitionReader - Loading XML bean definitions from class path resource [spring-resource-db.xml]
16:48:49.341 [main] INFO  o.s.b.f.xml.XmlBeanDefinitionReader - Loading XML bean definitions from class path resource [spring-hibernate.xml]
16:48:49.358 [main] INFO  o.s.b.f.xml.XmlBeanDefinitionReader - Loading XML bean definitions from class path resource [spring-mybatis.xml]
16:48:49.374 [main] INFO  o.s.b.f.s.DefaultListableBeanFactory - Overriding bean definition for bean 'proxyDataSource': replacing [Generic bean: class [org.jdbcdslog.ConnectionPoolDataSourceProxy]; scope=; abstract=false; lazyInit=false; autowireMode=0; dependencyCheck=0; autowireCandidate=true; primary=false; factoryBeanName=null; factoryMethodName=null; initMethodName=null; destroyMethodName=null; defined in class path resource [spring-resource-db.xml]] with [Generic bean: class [org.jdbcdslog.ConnectionPoolDataSourceProxy]; scope=; abstract=false; lazyInit=false; autowireMode=0; dependencyCheck=0; autowireCandidate=true; primary=false; factoryBeanName=null; factoryMethodName=null; initMethodName=null; destroyMethodName=null; defined in class path resource [spring-mybatis.xml]]
16:48:49.375 [main] INFO  o.s.b.f.xml.XmlBeanDefinitionReader - Loading XML bean definitions from class path resource [spring-cache.xml]
16:48:49.401 [main] INFO  o.s.c.s.GenericApplicationContext - Refreshing org.springframework.context.support.GenericApplicationContext@248b6c02: startup date [Wed Nov 26 16:48:49 CST 2014]; root of context hierarchy
16:48:49.652 [main] INFO  o.s.c.s.PropertySourcesPlaceholderConfigurer - Loading properties file from class path resource [env/configurations-dev.properties]
16:48:49.713 [main] INFO  o.s.b.f.s.DefaultListableBeanFactory - Pre-instantiating singletons in org.springframework.beans.factory.support.DefaultListableBeanFactory@73a1dd83: defining beans [logInterceptor,peopleDaoImpl,personDaoImpl,peopleServiceImpl,personServiceImpl,userInfoCache,userInfoServiceImpl,digitSignature,commonTemplate,sftpManager,socketManager,commonVelocity,logDaoImpl,userDaoImpl,userServiceImpl,org.springframework.context.annotation.internalConfigurationAnnotationProcessor,org.springframework.context.annotation.internalAutowiredAnnotationProcessor,org.springframework.context.annotation.internalRequiredAnnotationProcessor,org.springframework.context.annotation.internalCommonAnnotationProcessor,org.springframework.context.annotation.internalPersistenceAnnotationProcessor,com.somnus.ApplicationContextHolder#0,velocityEngine,org.springframework.aop.config.internalAutoProxyCreator,org.springframework.context.support.PropertySourcesPlaceholderConfigurer#0,dataSource,proxyDataSource,org.springframework.transaction.annotation.AnnotationTransactionAttributeSource#0,org.springframework.transaction.interceptor.TransactionInterceptor#0,org.springframework.transaction.config.internalTransactionAdvisor,sessionFactory,transactionManager,sqlSessionFactory,org.mybatis.spring.mapper.MapperScannerConfigurer#0,org.springframework.cache.annotation.AnnotationCacheOperationSource#0,org.springframework.cache.interceptor.CacheInterceptor#0,org.springframework.cache.config.internalCacheAdvisor,ehCacheManager,cacheManager,org.springframework.context.annotation.ConfigurationClassPostProcessor.importAwareProcessor,userInfoDao]; root of factory hierarchy
16:48:50.298 [main] DEBUG o.m.spring.SqlSessionFactoryBean - Parsed configuration file: 'class path resource [mybatis/mybatis-config.xml]'
16:48:50.377 [main] DEBUG o.m.spring.SqlSessionFactoryBean - Parsed mapper file: 'file [E:\github\Spring\target\classes\mappers\user.mapper.xml]'
16:48:50.555 [main] INFO  o.s.c.e.EhCacheManagerFactoryBean - Initializing EhCache CacheManager
16:48:51.035 [main] INFO  o.h.annotations.common.Version - HCANN000001: Hibernate Commons Annotations {4.0.2.Final}
16:48:51.039 [main] INFO  org.hibernate.Version - HHH000412: Hibernate Core {4.2.7.SP1}
16:48:51.041 [main] INFO  org.hibernate.cfg.Environment - HHH000206: hibernate.properties not found
16:48:51.042 [main] INFO  org.hibernate.cfg.Environment - HHH000021: Bytecode provider name : javassist
16:48:51.703 [main] INFO  org.hibernate.dialect.Dialect - HHH000400: Using dialect: org.hibernate.dialect.MySQLDialect
16:48:51.803 [main] INFO  o.h.e.t.i.TransactionFactoryInitiator - HHH000399: Using default transaction strategy (direct JDBC transactions)
16:48:51.807 [main] INFO  o.h.h.i.a.ASTQueryTranslatorFactory - HHH000397: Using ASTQueryTranslatorFactory
16:48:52.035 [main] INFO  o.s.o.h.HibernateTransactionManager - Using DataSource [org.apache.commons.dbcp.BasicDataSource@4984bbd4] of Hibernate SessionFactory for HibernateTransactionManager
16:48:52.098 [main] INFO  com.somnus.excel.ExcelTest - 调用测试方法: test2
16:48:52.153 [main] INFO  org.jdbcdslog.ConnectionLogger - connect to URL jdbc:mysql://localhost:3306/demo for user root@localhost
16:48:52.160 [main] DEBUG c.s.m.d.UserInfoDao.selectExceltData - ooo Using Connection [jdbc:mysql://localhost:3306/demo, UserName=root@localhost, MySQL Connector Java]
16:48:52.163 [main] DEBUG c.s.m.d.UserInfoDao.selectExceltData - ==>  Preparing: select ID,USERNAME,PASSWORD from T_USER 
16:48:52.192 [main] DEBUG c.s.m.d.UserInfoDao.selectExceltData - ==> Parameters: 
16:48:52.194 [main] INFO  org.jdbcdslog.StatementLogger - select 
	    	 
		ID,USERNAME,PASSWORD
	 
	    from T_USER;
16:48:52.217 [main] INFO  org.jdbcdslog.ResultSetLogger - java.sql.ResultSet.next {1, 'admin', '123456'}
16:48:52.218 [main] INFO  org.jdbcdslog.ResultSetLogger - java.sql.ResultSet.next {2, 'admin2', '123456'}
16:48:52.218 [main] INFO  org.jdbcdslog.ResultSetLogger - java.sql.ResultSet.next {3, 'admin3', '123456'}
16:48:52.219 [main] INFO  org.jdbcdslog.ResultSetLogger - java.sql.ResultSet.next {4, 'admin4', '123456'}
16:48:52.219 [main] INFO  org.jdbcdslog.ResultSetLogger - java.sql.ResultSet.next {5, 'somnus', '123456'}
16:48:52.219 [main] INFO  org.jdbcdslog.ResultSetLogger - java.sql.ResultSet.next {6, 'somnus', '123456'}
16:48:52.220 [main] INFO  org.jdbcdslog.ResultSetLogger - java.sql.ResultSet.next {7, 'admin7', '123456'}
16:48:52.220 [main] INFO  org.jdbcdslog.ResultSetLogger - java.sql.ResultSet.next {8, 'admin8', '123456'}
16:48:52.220 [main] INFO  org.jdbcdslog.ResultSetLogger - java.sql.ResultSet.next {9, 'somnus', '123456'}
16:48:52.221 [main] INFO  org.jdbcdslog.ResultSetLogger - java.sql.ResultSet.next {10, 'somnus', '123456'}
16:48:52.221 [main] INFO  org.jdbcdslog.ResultSetLogger - java.sql.ResultSet.next {11, 'somnus', '123456'}
16:48:52.240 [Thread-3] INFO  o.s.c.s.GenericApplicationContext - Closing org.springframework.context.support.GenericApplicationContext@248b6c02: startup date [Wed Nov 26 16:48:49 CST 2014]; root of context hierarchy
16:48:52.241 [Thread-3] INFO  o.s.b.f.s.DefaultListableBeanFactory - Destroying singletons in org.springframework.beans.factory.support.DefaultListableBeanFactory@73a1dd83: defining beans [logInterceptor,peopleDaoImpl,personDaoImpl,peopleServiceImpl,personServiceImpl,userInfoCache,userInfoServiceImpl,digitSignature,commonTemplate,sftpManager,socketManager,commonVelocity,logDaoImpl,userDaoImpl,userServiceImpl,org.springframework.context.annotation.internalConfigurationAnnotationProcessor,org.springframework.context.annotation.internalAutowiredAnnotationProcessor,org.springframework.context.annotation.internalRequiredAnnotationProcessor,org.springframework.context.annotation.internalCommonAnnotationProcessor,org.springframework.context.annotation.internalPersistenceAnnotationProcessor,com.somnus.ApplicationContextHolder#0,velocityEngine,org.springframework.aop.config.internalAutoProxyCreator,org.springframework.context.support.PropertySourcesPlaceholderConfigurer#0,dataSource,proxyDataSource,org.springframework.transaction.annotation.AnnotationTransactionAttributeSource#0,org.springframework.transaction.interceptor.TransactionInterceptor#0,org.springframework.transaction.config.internalTransactionAdvisor,sessionFactory,transactionManager,sqlSessionFactory,org.mybatis.spring.mapper.MapperScannerConfigurer#0,org.springframework.cache.annotation.AnnotationCacheOperationSource#0,org.springframework.cache.interceptor.CacheInterceptor#0,org.springframework.cache.config.internalCacheAdvisor,ehCacheManager,cacheManager,org.springframework.context.annotation.ConfigurationClassPostProcessor.importAwareProcessor,userInfoDao]; root of factory hierarchy
