2014-12-16 14:02:11.026 [] INFO  [main] org.springframework.beans.factory.xml.XmlBeanDefinitionReader :Loading XML bean definitions from class path resource [spring-basic.xml]
2014-12-16 14:02:12.342 [] INFO  [main] org.springframework.beans.factory.xml.XmlBeanDefinitionReader :Loading XML bean definitions from class path resource [spring-aspect.xml]
2014-12-16 14:02:12.465 [] INFO  [main] org.springframework.beans.factory.xml.XmlBeanDefinitionReader :Loading XML bean definitions from class path resource [spring-env.xml]
2014-12-16 14:02:12.643 [] INFO  [main] org.springframework.beans.factory.xml.XmlBeanDefinitionReader :Loading XML bean definitions from class path resource [spring-resource-db.xml]
2014-12-16 14:02:12.801 [] INFO  [main] org.springframework.beans.factory.xml.XmlBeanDefinitionReader :Loading XML bean definitions from class path resource [spring-hibernate.xml]
2014-12-16 14:02:12.823 [] INFO  [main] org.springframework.beans.factory.xml.XmlBeanDefinitionReader :Loading XML bean definitions from class path resource [spring-mybatis.xml]
2014-12-16 14:02:12.856 [] INFO  [main] org.springframework.beans.factory.support.DefaultListableBeanFactory :Overriding bean definition for bean 'proxyDataSource': replacing [Generic bean: class [org.jdbcdslog.ConnectionPoolDataSourceProxy]; scope=; abstract=false; lazyInit=false; autowireMode=0; dependencyCheck=0; autowireCandidate=true; primary=false; factoryBeanName=null; factoryMethodName=null; initMethodName=null; destroyMethodName=null; defined in class path resource [spring-resource-db.xml]] with [Generic bean: class [org.jdbcdslog.ConnectionPoolDataSourceProxy]; scope=; abstract=false; lazyInit=false; autowireMode=0; dependencyCheck=0; autowireCandidate=true; primary=false; factoryBeanName=null; factoryMethodName=null; initMethodName=null; destroyMethodName=null; defined in class path resource [spring-mybatis.xml]]
2014-12-16 14:02:12.857 [] INFO  [main] org.springframework.beans.factory.xml.XmlBeanDefinitionReader :Loading XML bean definitions from class path resource [spring-cache.xml]
2014-12-16 14:02:12.889 [] INFO  [main] org.springframework.context.support.GenericApplicationContext :Refreshing org.springframework.context.support.GenericApplicationContext@7e377d5: startup date [Tue Dec 16 14:02:12 CST 2014]; root of context hierarchy
2014-12-16 14:02:13.333 [] INFO  [main] org.springframework.context.support.PropertySourcesPlaceholderConfigurer :Loading properties file from class path resource [env/configurations-dev.properties]
2014-12-16 14:02:13.526 [] INFO  [main] org.springframework.beans.factory.support.DefaultListableBeanFactory :Pre-instantiating singletons in org.springframework.beans.factory.support.DefaultListableBeanFactory@6fb5afd: defining beans [logInterceptor,peopleDaoImpl,personDaoImpl,peopleServiceImpl,personServiceImpl,userInfoCache,userInfoServiceImpl,digitSignature,commonTemplate,sftpManager,socketManager,commonVelocity,logDaoImpl,userDaoImpl,userServiceImpl,org.springframework.context.annotation.internalConfigurationAnnotationProcessor,org.springframework.context.annotation.internalAutowiredAnnotationProcessor,org.springframework.context.annotation.internalRequiredAnnotationProcessor,org.springframework.context.annotation.internalCommonAnnotationProcessor,org.springframework.context.annotation.internalPersistenceAnnotationProcessor,com.somnus.ApplicationContextHolder#0,velocityEngine,org.springframework.aop.config.internalAutoProxyCreator,org.springframework.context.support.PropertySourcesPlaceholderConfigurer#0,dataSource,proxyDataSource,org.springframework.transaction.annotation.AnnotationTransactionAttributeSource#0,org.springframework.transaction.interceptor.TransactionInterceptor#0,org.springframework.transaction.config.internalTransactionAdvisor,sessionFactory,transactionManager,sqlSessionFactory,org.mybatis.spring.mapper.MapperScannerConfigurer#0,org.springframework.cache.annotation.AnnotationCacheOperationSource#0,org.springframework.cache.interceptor.CacheInterceptor#0,org.springframework.cache.config.internalCacheAdvisor,ehCacheManager,cacheManager,org.springframework.context.annotation.ConfigurationClassPostProcessor.importAwareProcessor,userInfoDao]; root of factory hierarchy
2014-12-16 14:02:15.274 [] INFO  [main] org.springframework.cache.ehcache.EhCacheManagerFactoryBean :Initializing EhCache CacheManager
2014-12-16 14:02:17.116 [] INFO  [main] org.hibernate.annotations.common.Version :HCANN000001: Hibernate Commons Annotations {4.0.2.Final}
2014-12-16 14:02:17.136 [] INFO  [main] org.hibernate.Version :HHH000412: Hibernate Core {4.2.7.SP1}
2014-12-16 14:02:17.144 [] INFO  [main] org.hibernate.cfg.Environment :HHH000206: hibernate.properties not found
2014-12-16 14:02:17.146 [] INFO  [main] org.hibernate.cfg.Environment :HHH000021: Bytecode provider name : javassist
2014-12-16 14:02:19.663 [] INFO  [main] org.hibernate.dialect.Dialect :HHH000400: Using dialect: org.hibernate.dialect.MySQLDialect
2014-12-16 14:02:19.823 [] INFO  [main] org.hibernate.engine.transaction.internal.TransactionFactoryInitiator :HHH000399: Using default transaction strategy (direct JDBC transactions)
2014-12-16 14:02:19.829 [] INFO  [main] org.hibernate.hql.internal.ast.ASTQueryTranslatorFactory :HHH000397: Using ASTQueryTranslatorFactory
2014-12-16 14:02:20.407 [] INFO  [main] org.springframework.orm.hibernate4.HibernateTransactionManager :Using DataSource [org.apache.commons.dbcp.BasicDataSource@50c0c534] of Hibernate SessionFactory for HibernateTransactionManager
2014-12-16 14:02:20.582 [] INFO  [main] org.jdbcdslog.ConnectionLogger :connect to URL jdbc:mysql://localhost:3306/demo for user root@localhost
2014-12-16 14:02:20.980 [] INFO  [main] org.jdbcdslog.StatementLogger :select
		 
		ID,USERNAME,PASSWORD
	 
		from T_USER
		where ID = 1;
2014-12-16 14:02:21.424 [] INFO  [main] org.jdbcdslog.ConnectionLogger :connect to URL jdbc:mysql://localhost:3306/demo for user root@localhost
2014-12-16 14:02:21.425 [] INFO  [main] org.jdbcdslog.StatementLogger :select
		 
		ID,USERNAME,PASSWORD
	 
		from T_USER
		where ID = 1;
2014-12-16 14:02:21.453 [] INFO  [main] org.jdbcdslog.ConnectionLogger :connect to URL jdbc:mysql://localhost:3306/demo for user root@localhost
2014-12-16 14:02:21.484 [] INFO  [main] org.jdbcdslog.StatementLogger :select * from (select 
	    	 
		ID,USERNAME,PASSWORD
	 
	    from T_USER
	    where 
	    USERNAME like 'admin%') temp_order order by password ASC, username DESC limit 4;
2014-12-16 14:02:21.486 [] INFO  [main] org.jdbcdslog.ConnectionLogger :connect to URL jdbc:mysql://localhost:3306/demo for user root@localhost
2014-12-16 14:02:21.495 [] INFO  [main] org.jdbcdslog.StatementLogger :select count(1) from (select 
	    	 
		ID,USERNAME,PASSWORD
	 
	    from T_USER
	    where 
	    USERNAME like 'admin%') tmp_count;
2014-12-16 14:02:21.510 [] INFO  [Thread-2] org.springframework.context.support.GenericApplicationContext :Closing org.springframework.context.support.GenericApplicationContext@7e377d5: startup date [Tue Dec 16 14:02:12 CST 2014]; root of context hierarchy
2014-12-16 14:02:21.511 [] INFO  [Thread-2] org.springframework.beans.factory.support.DefaultListableBeanFactory :Destroying singletons in org.springframework.beans.factory.support.DefaultListableBeanFactory@6fb5afd: defining beans [logInterceptor,peopleDaoImpl,personDaoImpl,peopleServiceImpl,personServiceImpl,userInfoCache,userInfoServiceImpl,digitSignature,commonTemplate,sftpManager,socketManager,commonVelocity,logDaoImpl,userDaoImpl,userServiceImpl,org.springframework.context.annotation.internalConfigurationAnnotationProcessor,org.springframework.context.annotation.internalAutowiredAnnotationProcessor,org.springframework.context.annotation.internalRequiredAnnotationProcessor,org.springframework.context.annotation.internalCommonAnnotationProcessor,org.springframework.context.annotation.internalPersistenceAnnotationProcessor,com.somnus.ApplicationContextHolder#0,velocityEngine,org.springframework.aop.config.internalAutoProxyCreator,org.springframework.context.support.PropertySourcesPlaceholderConfigurer#0,dataSource,proxyDataSource,org.springframework.transaction.annotation.AnnotationTransactionAttributeSource#0,org.springframework.transaction.interceptor.TransactionInterceptor#0,org.springframework.transaction.config.internalTransactionAdvisor,sessionFactory,transactionManager,sqlSessionFactory,org.mybatis.spring.mapper.MapperScannerConfigurer#0,org.springframework.cache.annotation.AnnotationCacheOperationSource#0,org.springframework.cache.interceptor.CacheInterceptor#0,org.springframework.cache.config.internalCacheAdvisor,ehCacheManager,cacheManager,org.springframework.context.annotation.ConfigurationClassPostProcessor.importAwareProcessor,userInfoDao]; root of factory hierarchy
2014-12-16 14:06:38.344 [] INFO  [main] org.springframework.beans.factory.xml.XmlBeanDefinitionReader :Loading XML bean definitions from class path resource [spring-basic.xml]
2014-12-16 14:06:38.569 [] INFO  [main] org.springframework.beans.factory.xml.XmlBeanDefinitionReader :Loading XML bean definitions from class path resource [spring-aspect.xml]
2014-12-16 14:06:38.605 [] INFO  [main] org.springframework.beans.factory.xml.XmlBeanDefinitionReader :Loading XML bean definitions from class path resource [spring-env.xml]
2014-12-16 14:06:38.800 [] INFO  [main] org.springframework.beans.factory.xml.XmlBeanDefinitionReader :Loading XML bean definitions from class path resource [spring-resource-db.xml]
2014-12-16 14:06:38.942 [] INFO  [main] org.springframework.beans.factory.xml.XmlBeanDefinitionReader :Loading XML bean definitions from class path resource [spring-hibernate.xml]
2014-12-16 14:06:38.966 [] INFO  [main] org.springframework.beans.factory.xml.XmlBeanDefinitionReader :Loading XML bean definitions from class path resource [spring-mybatis.xml]
2014-12-16 14:06:38.980 [] INFO  [main] org.springframework.beans.factory.support.DefaultListableBeanFactory :Overriding bean definition for bean 'proxyDataSource': replacing [Generic bean: class [org.jdbcdslog.ConnectionPoolDataSourceProxy]; scope=; abstract=false; lazyInit=false; autowireMode=0; dependencyCheck=0; autowireCandidate=true; primary=false; factoryBeanName=null; factoryMethodName=null; initMethodName=null; destroyMethodName=null; defined in class path resource [spring-resource-db.xml]] with [Generic bean: class [org.jdbcdslog.ConnectionPoolDataSourceProxy]; scope=; abstract=false; lazyInit=false; autowireMode=0; dependencyCheck=0; autowireCandidate=true; primary=false; factoryBeanName=null; factoryMethodName=null; initMethodName=null; destroyMethodName=null; defined in class path resource [spring-mybatis.xml]]
2014-12-16 14:06:38.981 [] INFO  [main] org.springframework.beans.factory.xml.XmlBeanDefinitionReader :Loading XML bean definitions from class path resource [spring-cache.xml]
2014-12-16 14:06:39.005 [] INFO  [main] org.springframework.context.support.GenericApplicationContext :Refreshing org.springframework.context.support.GenericApplicationContext@7e377d5: startup date [Tue Dec 16 14:06:39 CST 2014]; root of context hierarchy
2014-12-16 14:06:39.148 [] INFO  [main] org.springframework.context.support.PropertySourcesPlaceholderConfigurer :Loading properties file from class path resource [env/configurations-dev.properties]
2014-12-16 14:06:39.202 [] INFO  [main] org.springframework.beans.factory.support.DefaultListableBeanFactory :Pre-instantiating singletons in org.springframework.beans.factory.support.DefaultListableBeanFactory@3686602e: defining beans [logInterceptor,peopleDaoImpl,personDaoImpl,peopleServiceImpl,personServiceImpl,userInfoCache,userInfoServiceImpl,digitSignature,commonTemplate,sftpManager,socketManager,commonVelocity,logDaoImpl,userDaoImpl,userServiceImpl,org.springframework.context.annotation.internalConfigurationAnnotationProcessor,org.springframework.context.annotation.internalAutowiredAnnotationProcessor,org.springframework.context.annotation.internalRequiredAnnotationProcessor,org.springframework.context.annotation.internalCommonAnnotationProcessor,org.springframework.context.annotation.internalPersistenceAnnotationProcessor,com.somnus.ApplicationContextHolder#0,velocityEngine,org.springframework.aop.config.internalAutoProxyCreator,org.springframework.context.support.PropertySourcesPlaceholderConfigurer#0,dataSource,proxyDataSource,org.springframework.transaction.annotation.AnnotationTransactionAttributeSource#0,org.springframework.transaction.interceptor.TransactionInterceptor#0,org.springframework.transaction.config.internalTransactionAdvisor,sessionFactory,transactionManager,sqlSessionFactory,org.mybatis.spring.mapper.MapperScannerConfigurer#0,org.springframework.cache.annotation.AnnotationCacheOperationSource#0,org.springframework.cache.interceptor.CacheInterceptor#0,org.springframework.cache.config.internalCacheAdvisor,ehCacheManager,cacheManager,org.springframework.context.annotation.ConfigurationClassPostProcessor.importAwareProcessor,userInfoDao]; root of factory hierarchy
2014-12-16 14:06:40.006 [] INFO  [main] org.springframework.cache.ehcache.EhCacheManagerFactoryBean :Initializing EhCache CacheManager
2014-12-16 14:06:40.445 [] INFO  [main] org.hibernate.annotations.common.Version :HCANN000001: Hibernate Commons Annotations {4.0.2.Final}
2014-12-16 14:06:40.450 [] INFO  [main] org.hibernate.Version :HHH000412: Hibernate Core {4.2.7.SP1}
2014-12-16 14:06:40.451 [] INFO  [main] org.hibernate.cfg.Environment :HHH000206: hibernate.properties not found
2014-12-16 14:06:40.452 [] INFO  [main] org.hibernate.cfg.Environment :HHH000021: Bytecode provider name : javassist
2014-12-16 14:06:41.259 [] INFO  [main] org.hibernate.dialect.Dialect :HHH000400: Using dialect: org.hibernate.dialect.MySQLDialect
2014-12-16 14:06:41.358 [] INFO  [main] org.hibernate.engine.transaction.internal.TransactionFactoryInitiator :HHH000399: Using default transaction strategy (direct JDBC transactions)
2014-12-16 14:06:41.362 [] INFO  [main] org.hibernate.hql.internal.ast.ASTQueryTranslatorFactory :HHH000397: Using ASTQueryTranslatorFactory
2014-12-16 14:06:41.581 [] INFO  [main] org.springframework.orm.hibernate4.HibernateTransactionManager :Using DataSource [org.apache.commons.dbcp.BasicDataSource@eb4e868] of Hibernate SessionFactory for HibernateTransactionManager
2014-12-16 14:06:41.679 [] INFO  [main] org.jdbcdslog.ConnectionLogger :connect to URL jdbc:mysql://localhost:3306/demo for user root@localhost
2014-12-16 14:06:41.703 [] INFO  [main] org.jdbcdslog.StatementLogger :select
		 
		ID,USERNAME,PASSWORD
	 
		from T_USER
		where ID = 1;
2014-12-16 14:06:41.759 [] INFO  [main] org.jdbcdslog.ConnectionLogger :connect to URL jdbc:mysql://localhost:3306/demo for user root@localhost
2014-12-16 14:06:41.761 [] INFO  [main] org.jdbcdslog.StatementLogger :select
		 
		ID,USERNAME,PASSWORD
	 
		from T_USER
		where ID = 1;
2014-12-16 14:06:41.769 [] INFO  [main] org.jdbcdslog.ConnectionLogger :connect to URL jdbc:mysql://localhost:3306/demo for user root@localhost
2014-12-16 14:06:41.770 [] INFO  [main] org.jdbcdslog.StatementLogger :select * from (select 
	    	 
		ID,USERNAME,PASSWORD
	 
	    from T_USER
	    where 
	    USERNAME like 'admin%') temp_order order by password ASC, username DESC limit 4;
2014-12-16 14:06:41.773 [] INFO  [main] org.jdbcdslog.ConnectionLogger :connect to URL jdbc:mysql://localhost:3306/demo for user root@localhost
2014-12-16 14:06:41.774 [] INFO  [main] org.jdbcdslog.StatementLogger :select count(1) from (select 
	    	 
		ID,USERNAME,PASSWORD
	 
	    from T_USER
	    where 
	    USERNAME like 'admin%') tmp_count;
2014-12-16 14:06:41.778 [] INFO  [Thread-2] org.springframework.context.support.GenericApplicationContext :Closing org.springframework.context.support.GenericApplicationContext@7e377d5: startup date [Tue Dec 16 14:06:39 CST 2014]; root of context hierarchy
2014-12-16 14:06:41.779 [] INFO  [Thread-2] org.springframework.beans.factory.support.DefaultListableBeanFactory :Destroying singletons in org.springframework.beans.factory.support.DefaultListableBeanFactory@3686602e: defining beans [logInterceptor,peopleDaoImpl,personDaoImpl,peopleServiceImpl,personServiceImpl,userInfoCache,userInfoServiceImpl,digitSignature,commonTemplate,sftpManager,socketManager,commonVelocity,logDaoImpl,userDaoImpl,userServiceImpl,org.springframework.context.annotation.internalConfigurationAnnotationProcessor,org.springframework.context.annotation.internalAutowiredAnnotationProcessor,org.springframework.context.annotation.internalRequiredAnnotationProcessor,org.springframework.context.annotation.internalCommonAnnotationProcessor,org.springframework.context.annotation.internalPersistenceAnnotationProcessor,com.somnus.ApplicationContextHolder#0,velocityEngine,org.springframework.aop.config.internalAutoProxyCreator,org.springframework.context.support.PropertySourcesPlaceholderConfigurer#0,dataSource,proxyDataSource,org.springframework.transaction.annotation.AnnotationTransactionAttributeSource#0,org.springframework.transaction.interceptor.TransactionInterceptor#0,org.springframework.transaction.config.internalTransactionAdvisor,sessionFactory,transactionManager,sqlSessionFactory,org.mybatis.spring.mapper.MapperScannerConfigurer#0,org.springframework.cache.annotation.AnnotationCacheOperationSource#0,org.springframework.cache.interceptor.CacheInterceptor#0,org.springframework.cache.config.internalCacheAdvisor,ehCacheManager,cacheManager,org.springframework.context.annotation.ConfigurationClassPostProcessor.importAwareProcessor,userInfoDao]; root of factory hierarchy
2014-12-16 14:10:30.417 [] INFO  [main] org.springframework.beans.factory.xml.XmlBeanDefinitionReader :Loading XML bean definitions from class path resource [spring-basic.xml]
2014-12-16 14:10:30.722 [] INFO  [main] org.springframework.beans.factory.xml.XmlBeanDefinitionReader :Loading XML bean definitions from class path resource [spring-aspect.xml]
2014-12-16 14:10:30.825 [] INFO  [main] org.springframework.beans.factory.xml.XmlBeanDefinitionReader :Loading XML bean definitions from class path resource [spring-env.xml]
2014-12-16 14:10:30.971 [] INFO  [main] org.springframework.beans.factory.xml.XmlBeanDefinitionReader :Loading XML bean definitions from class path resource [spring-resource-db.xml]
2014-12-16 14:10:31.122 [] INFO  [main] org.springframework.beans.factory.xml.XmlBeanDefinitionReader :Loading XML bean definitions from class path resource [spring-hibernate.xml]
2014-12-16 14:10:31.147 [] INFO  [main] org.springframework.beans.factory.xml.XmlBeanDefinitionReader :Loading XML bean definitions from class path resource [spring-mybatis.xml]
2014-12-16 14:10:31.164 [] INFO  [main] org.springframework.beans.factory.support.DefaultListableBeanFactory :Overriding bean definition for bean 'proxyDataSource': replacing [Generic bean: class [org.jdbcdslog.ConnectionPoolDataSourceProxy]; scope=; abstract=false; lazyInit=false; autowireMode=0; dependencyCheck=0; autowireCandidate=true; primary=false; factoryBeanName=null; factoryMethodName=null; initMethodName=null; destroyMethodName=null; defined in class path resource [spring-resource-db.xml]] with [Generic bean: class [org.jdbcdslog.ConnectionPoolDataSourceProxy]; scope=; abstract=false; lazyInit=false; autowireMode=0; dependencyCheck=0; autowireCandidate=true; primary=false; factoryBeanName=null; factoryMethodName=null; initMethodName=null; destroyMethodName=null; defined in class path resource [spring-mybatis.xml]]
2014-12-16 14:10:31.165 [] INFO  [main] org.springframework.beans.factory.xml.XmlBeanDefinitionReader :Loading XML bean definitions from class path resource [spring-cache.xml]
2014-12-16 14:10:31.202 [] INFO  [main] org.springframework.context.support.GenericApplicationContext :Refreshing org.springframework.context.support.GenericApplicationContext@38b55129: startup date [Tue Dec 16 14:10:31 CST 2014]; root of context hierarchy
2014-12-16 14:10:31.451 [] INFO  [main] org.springframework.context.support.PropertySourcesPlaceholderConfigurer :Loading properties file from class path resource [env/configurations-dev.properties]
2014-12-16 14:10:31.568 [] INFO  [main] org.springframework.beans.factory.support.DefaultListableBeanFactory :Pre-instantiating singletons in org.springframework.beans.factory.support.DefaultListableBeanFactory@301487f9: defining beans [logInterceptor,peopleDaoImpl,personDaoImpl,peopleServiceImpl,personServiceImpl,userInfoCache,userInfoServiceImpl,digitSignature,commonTemplate,sftpManager,socketManager,commonVelocity,logDaoImpl,userDaoImpl,userServiceImpl,org.springframework.context.annotation.internalConfigurationAnnotationProcessor,org.springframework.context.annotation.internalAutowiredAnnotationProcessor,org.springframework.context.annotation.internalRequiredAnnotationProcessor,org.springframework.context.annotation.internalCommonAnnotationProcessor,org.springframework.context.annotation.internalPersistenceAnnotationProcessor,com.somnus.ApplicationContextHolder#0,velocityEngine,org.springframework.aop.config.internalAutoProxyCreator,org.springframework.context.support.PropertySourcesPlaceholderConfigurer#0,dataSource,proxyDataSource,org.springframework.transaction.annotation.AnnotationTransactionAttributeSource#0,org.springframework.transaction.interceptor.TransactionInterceptor#0,org.springframework.transaction.config.internalTransactionAdvisor,sessionFactory,transactionManager,sqlSessionFactory,org.mybatis.spring.mapper.MapperScannerConfigurer#0,org.springframework.cache.annotation.AnnotationCacheOperationSource#0,org.springframework.cache.interceptor.CacheInterceptor#0,org.springframework.cache.config.internalCacheAdvisor,ehCacheManager,cacheManager,org.springframework.context.annotation.ConfigurationClassPostProcessor.importAwareProcessor,userInfoDao]; root of factory hierarchy
2014-12-16 14:10:32.202 [] INFO  [main] org.springframework.cache.ehcache.EhCacheManagerFactoryBean :Initializing EhCache CacheManager
2014-12-16 14:10:32.621 [] INFO  [main] org.hibernate.annotations.common.Version :HCANN000001: Hibernate Commons Annotations {4.0.2.Final}
2014-12-16 14:10:32.626 [] INFO  [main] org.hibernate.Version :HHH000412: Hibernate Core {4.2.7.SP1}
2014-12-16 14:10:32.627 [] INFO  [main] org.hibernate.cfg.Environment :HHH000206: hibernate.properties not found
2014-12-16 14:10:32.628 [] INFO  [main] org.hibernate.cfg.Environment :HHH000021: Bytecode provider name : javassist
2014-12-16 14:10:33.519 [] INFO  [main] org.hibernate.dialect.Dialect :HHH000400: Using dialect: org.hibernate.dialect.MySQLDialect
2014-12-16 14:10:33.619 [] INFO  [main] org.hibernate.engine.transaction.internal.TransactionFactoryInitiator :HHH000399: Using default transaction strategy (direct JDBC transactions)
2014-12-16 14:10:33.623 [] INFO  [main] org.hibernate.hql.internal.ast.ASTQueryTranslatorFactory :HHH000397: Using ASTQueryTranslatorFactory
2014-12-16 14:10:33.847 [] INFO  [main] org.springframework.orm.hibernate4.HibernateTransactionManager :Using DataSource [org.apache.commons.dbcp.BasicDataSource@30f3a8f6] of Hibernate SessionFactory for HibernateTransactionManager
2014-12-16 14:10:33.958 [] INFO  [main] org.jdbcdslog.ConnectionLogger :connect to URL jdbc:mysql://localhost:3306/demo for user root@localhost
2014-12-16 14:10:33.983 [] INFO  [main] org.jdbcdslog.StatementLogger :select
		 
		ID,USERNAME,PASSWORD
	 
		from T_USER
		where ID = 1;
2014-12-16 14:10:34.044 [] INFO  [main] org.jdbcdslog.ConnectionLogger :connect to URL jdbc:mysql://localhost:3306/demo for user root@localhost
2014-12-16 14:10:34.045 [] INFO  [main] org.jdbcdslog.StatementLogger :select
		 
		ID,USERNAME,PASSWORD
	 
		from T_USER
		where ID = 1;
2014-12-16 14:10:34.058 [] INFO  [main] org.jdbcdslog.ConnectionLogger :connect to URL jdbc:mysql://localhost:3306/demo for user root@localhost
2014-12-16 14:10:34.061 [] INFO  [main] org.jdbcdslog.StatementLogger :select * from (select 
	    	 
		ID,USERNAME,PASSWORD
	 
	    from T_USER
	    where 
	    USERNAME like 'admin%') temp_order order by password ASC, username DESC limit 4;
2014-12-16 14:10:34.064 [] INFO  [main] org.jdbcdslog.ConnectionLogger :connect to URL jdbc:mysql://localhost:3306/demo for user root@localhost
2014-12-16 14:10:34.066 [] INFO  [main] org.jdbcdslog.StatementLogger :select count(1) from (select 
	    	 
		ID,USERNAME,PASSWORD
	 
	    from T_USER
	    where 
	    USERNAME like 'admin%') tmp_count;
2014-12-16 14:10:34.071 [] INFO  [Thread-2] org.springframework.context.support.GenericApplicationContext :Closing org.springframework.context.support.GenericApplicationContext@38b55129: startup date [Tue Dec 16 14:10:31 CST 2014]; root of context hierarchy
2014-12-16 14:10:34.072 [] INFO  [Thread-2] org.springframework.beans.factory.support.DefaultListableBeanFactory :Destroying singletons in org.springframework.beans.factory.support.DefaultListableBeanFactory@301487f9: defining beans [logInterceptor,peopleDaoImpl,personDaoImpl,peopleServiceImpl,personServiceImpl,userInfoCache,userInfoServiceImpl,digitSignature,commonTemplate,sftpManager,socketManager,commonVelocity,logDaoImpl,userDaoImpl,userServiceImpl,org.springframework.context.annotation.internalConfigurationAnnotationProcessor,org.springframework.context.annotation.internalAutowiredAnnotationProcessor,org.springframework.context.annotation.internalRequiredAnnotationProcessor,org.springframework.context.annotation.internalCommonAnnotationProcessor,org.springframework.context.annotation.internalPersistenceAnnotationProcessor,com.somnus.ApplicationContextHolder#0,velocityEngine,org.springframework.aop.config.internalAutoProxyCreator,org.springframework.context.support.PropertySourcesPlaceholderConfigurer#0,dataSource,proxyDataSource,org.springframework.transaction.annotation.AnnotationTransactionAttributeSource#0,org.springframework.transaction.interceptor.TransactionInterceptor#0,org.springframework.transaction.config.internalTransactionAdvisor,sessionFactory,transactionManager,sqlSessionFactory,org.mybatis.spring.mapper.MapperScannerConfigurer#0,org.springframework.cache.annotation.AnnotationCacheOperationSource#0,org.springframework.cache.interceptor.CacheInterceptor#0,org.springframework.cache.config.internalCacheAdvisor,ehCacheManager,cacheManager,org.springframework.context.annotation.ConfigurationClassPostProcessor.importAwareProcessor,userInfoDao]; root of factory hierarchy
